0 info it worked if it ends with ok
1 verbose cli [ 'C:\\Program Files (x86)\\Nodist\\v-x64\\10.5.0\\node.exe',
1 verbose cli   'C:\\Program Files (x86)\\Nodist\\npmv\\4.0.5\\bin\\npm-cli.js',
1 verbose cli   'start' ]
2 info using npm@4.0.5
3 info using node@v10.5.0
4 verbose run-script [ 'prestart', 'start', 'poststart' ]
5 info lifecycle mongomemo@0.0.0~prestart: mongomemo@0.0.0
6 silly lifecycle mongomemo@0.0.0~prestart: no script for prestart, continuing
7 info lifecycle mongomemo@0.0.0~start: mongomemo@0.0.0
8 verbose lifecycle mongomemo@0.0.0~start: unsafe-perm in lifecycle true
9 verbose lifecycle mongomemo@0.0.0~start: PATH: C:\Program Files (x86)\Nodist\npmv\4.0.5\bin\node-gyp-bin;D:\node\mongoMemo\node_modules\.bin;C:\Program Files (x86)\Nodist\v-x64\10.5.0;C:\WINDOWS\system32;C:\WINDOWS;C:\WINDOWS\System32\Wbem;C:\WINDOWS\System32\WindowsPowerShell\v1.0\;C:\Program Files\Git\cmd;C:\ProgramData\chocolatey\bin;C:\Program Files (x86)\Nodist\bin;C:\WINDOWS\System32\OpenSSH\;C:\Users\katsu\AppData\Local\Microsoft\WindowsApps;;C:\Program Files\Microsoft VS Code\bin
10 verbose lifecycle mongomemo@0.0.0~start: CWD: D:\node\mongoMemo
11 silly lifecycle mongomemo@0.0.0~start: Args: [ '/d /s /c', 'node ./bin/www' ]
12 silly lifecycle mongomemo@0.0.0~start: Returned: code: 1  signal: null
13 info lifecycle mongomemo@0.0.0~start: Failed to exec start script
14 verbose stack Error: mongomemo@0.0.0 start: `node ./bin/www`
14 verbose stack Exit status 1
14 verbose stack     at EventEmitter.<anonymous> (C:\Program Files (x86)\Nodist\npmv\4.0.5\lib\utils\lifecycle.js:279:16)
14 verbose stack     at EventEmitter.emit (events.js:182:13)
14 verbose stack     at ChildProcess.<anonymous> (C:\Program Files (x86)\Nodist\npmv\4.0.5\lib\utils\spawn.js:40:14)
14 verbose stack     at ChildProcess.emit (events.js:182:13)
14 verbose stack     at maybeClose (internal/child_process.js:961:16)
14 verbose stack     at Process.ChildProcess._handle.onexit (internal/child_process.js:248:5)
15 verbose pkgid mongomemo@0.0.0
16 verbose cwd D:\node\mongoMemo
17 error Windows_NT 10.0.17134
18 error argv "C:\\Program Files (x86)\\Nodist\\v-x64\\10.5.0\\node.exe" "C:\\Program Files (x86)\\Nodist\\npmv\\4.0.5\\bin\\npm-cli.js" "start"
19 error node v10.5.0
20 error npm  v4.0.5
21 error code ELIFECYCLE
22 error mongomemo@0.0.0 start: `node ./bin/www`
22 error Exit status 1
23 error Failed at the mongomemo@0.0.0 start script 'node ./bin/www'.
23 error Make sure you have the latest version of node.js and npm installed.
23 error If you do, this is most likely a problem with the mongomemo package,
23 error not with npm itself.
23 error Tell the author that this fails on your system:
23 error     node ./bin/www
23 error You can get information on how to open an issue for this project with:
23 error     npm bugs mongomemo
23 error Or if that isn't available, you can get their info via:
23 error     npm owner ls mongomemo
23 error There is likely additional logging output above.
24 verbose exit [ 1, true ]
